<?xml version="1.0" encoding="UTF-8"?>
<!-- Generated by org.testng.reporters.JUnitXMLReporter -->
<testsuite hostname="sony-VAIO" ignored="0" name="Default test" tests="3" failures="0" timestamp="12 Jan 2017 06:26:32 GMT" time="0.49" errors="0">
  <testcase name="TestSearch" time="0.149" classname="selenium.NaukriSearch"/>
  <testcase name="TestSearch" time="0.003" classname="selenium.NaukriSearch"/>
  <testcase name="TestSearch" time="0.002" classname="selenium.NaukriSearch"/>
</testsuite> <!-- Default test -->
