<?xml version="1.0" encoding="UTF-8"?>
<!-- Generated by org.testng.reporters.JUnitXMLReporter -->
<testsuite hostname="sony-VAIO" ignored="0" name="DataDriven1 " tests="3" failures="0" timestamp="22 Dec 2016 08:02:40 GMT" time="0.026" errors="0">
  <testcase name="TestSearch" time="0.001" classname="selenium.NaukriSearch"/>
  <testcase name="TestSearch" time="0.0" classname="selenium.NaukriSearch"/>
  <testcase name="TestSearch" time="0.0" classname="selenium.NaukriSearch"/>
</testsuite> <!-- DataDriven1  -->
