<?xml version="1.0" encoding="UTF-8"?>
<!-- Generated by org.testng.reporters.JUnitXMLReporter -->
<testsuite hostname="sony-VAIO" ignored="0" name="LoginClass " tests="4" failures="0" timestamp="22 Dec 2016 08:02:40 GMT" time="38.857" errors="0">
  <testcase name="Test_Exp_list_Count" time="15.113" classname="selenium.LoginClass1$LoginClass"/>
  <testcase name="Test_Naukri_Search" time="13.731" classname="selenium.LoginClass1$LoginClass"/>
  <testcase name="Test4Confirm" time="0.0" classname="selenium.LoginClass1"/>
  <testcase name="TestRegister" time="0.001" classname="selenium.LoginClass1"/>
</testsuite> <!-- LoginClass  -->
