<?xml version="1.0" encoding="UTF-8"?>
<testng-results skipped="0" failed="0" ignored="0" total="3" passed="3">
  <reporter-output>
  </reporter-output>
  <suite name="Default suite" duration-ms="490" started-at="2017-01-12T06:26:31Z" finished-at="2017-01-12T06:26:32Z">
    <groups>
    </groups>
    <test name="Default test" duration-ms="490" started-at="2017-01-12T06:26:31Z" finished-at="2017-01-12T06:26:32Z">
      <class name="selenium.NaukriSearch">
        <test-method status="PASS" signature="TestSearch(java.lang.String, java.lang.String, int, int)[pri:0, instance:selenium.NaukriSearch@1e88b3c]" name="TestSearch" duration-ms="149" started-at="2017-01-12T11:56:32Z" data-provider="NaukriSearchData" finished-at="2017-01-12T11:56:32Z">
          <params>
            <param index="0">
              <value>
                <![CDATA[Software Testing]]>
              </value>
            </param>
            <param index="1">
              <value>
                <![CDATA[Chandigarh]]>
              </value>
            </param>
            <param index="2">
              <value>
                <![CDATA[5]]>
              </value>
            </param>
            <param index="3">
              <value>
                <![CDATA[4]]>
              </value>
            </param>
          </params>
          <reporter-output>
          </reporter-output>
        </test-method> <!-- TestSearch -->
        <test-method status="PASS" signature="TestSearch(java.lang.String, java.lang.String, int, int)[pri:0, instance:selenium.NaukriSearch@1e88b3c]" name="TestSearch" duration-ms="3" started-at="2017-01-12T11:56:32Z" data-provider="NaukriSearchData" finished-at="2017-01-12T11:56:32Z">
          <params>
            <param index="0">
              <value>
                <![CDATA[Software Development]]>
              </value>
            </param>
            <param index="1">
              <value>
                <![CDATA[Delhi]]>
              </value>
            </param>
            <param index="2">
              <value>
                <![CDATA[5]]>
              </value>
            </param>
            <param index="3">
              <value>
                <![CDATA[9]]>
              </value>
            </param>
          </params>
          <reporter-output>
          </reporter-output>
        </test-method> <!-- TestSearch -->
        <test-method status="PASS" signature="TestSearch(java.lang.String, java.lang.String, int, int)[pri:0, instance:selenium.NaukriSearch@1e88b3c]" name="TestSearch" duration-ms="2" started-at="2017-01-12T11:56:32Z" data-provider="NaukriSearchData" finished-at="2017-01-12T11:56:32Z">
          <params>
            <param index="0">
              <value>
                <![CDATA[Automation Testing]]>
              </value>
            </param>
            <param index="1">
              <value>
                <![CDATA[Delhi]]>
              </value>
            </param>
            <param index="2">
              <value>
                <![CDATA[3]]>
              </value>
            </param>
            <param index="3">
              <value>
                <![CDATA[9]]>
              </value>
            </param>
          </params>
          <reporter-output>
          </reporter-output>
        </test-method> <!-- TestSearch -->
      </class> <!-- selenium.NaukriSearch -->
    </test> <!-- Default test -->
  </suite> <!-- Default suite -->
</testng-results>
